<?xml version="1.0" encoding="UTF-8"?>
<testsuite name="com.recipe.se.recipes.domian.ConvertToRecipeTest" tests="1" skipped="0" failures="0" errors="0" timestamp="2020-02-19T21:14:56" hostname="SEC31094" time="0.037">
  <properties/>
  <testcase name="shouldReturnHelloWorld()" classname="com.recipe.se.recipes.domian.ConvertToRecipeTest" time="0.037"/>
  <system-out><![CDATA[]]></system-out>
  <system-err><![CDATA[]]></system-err>
</testsuite>
